<?xml version="1.0" encoding="UTF-8"?>
<!-- Generated by org.testng.reporters.JUnitXMLReporter -->
<testsuite ignored="0" hostname="LoneWolf" failures="0" tests="3" name="Test" time="35.763" errors="0" timestamp="2024-06-18T18:03:45 IST">
  <testcase classname="testcase.RunLogin" name="runLogin" time="0.0">
    <skipped/>
  </testcase> <!-- runLogin -->
  <testcase classname="testcase.CreateLead" name="createLead" time="8.989"/>
  <testcase classname="testcase.CreateLead" name="createLead" time="8.4"/>
</testsuite> <!-- Test -->
