<?xml version="1.0" encoding="UTF-8"?>
<testng-results ignored="0" total="3" passed="2" failed="0" skipped="1">
  <reporter-output>
  </reporter-output>
  <suite started-at="2024-06-18T18:03:09 IST" name="Suite" finished-at="2024-06-18T18:03:45 IST" duration-ms="35763">
    <groups>
    </groups>
    <test started-at="2024-06-18T18:03:09 IST" name="Test" finished-at="2024-06-18T18:03:45 IST" duration-ms="35763">
      <class name="testcase.CreateLead">
        <test-method is-config="true" signature="setvalue()[pri:0, instance:testcase.CreateLead@6fdbe764]" started-at="2024-06-18T18:03:09 IST" name="setvalue" finished-at="2024-06-18T18:03:09 IST" duration-ms="15" status="PASS">
          <reporter-output>
          </reporter-output>
        </test-method> <!-- setvalue -->
        <test-method is-config="true" signature="precondition()[pri:0, instance:testcase.CreateLead@6fdbe764]" started-at="2024-06-18T18:03:12 IST" name="precondition" finished-at="2024-06-18T18:03:21 IST" duration-ms="8701" status="PASS">
          <reporter-output>
          </reporter-output>
        </test-method> <!-- precondition -->
        <test-method signature="createLead(java.lang.String,java.lang.String,java.lang.String,java.lang.String,java.lang.String)[pri:0, instance:testcase.CreateLead@6fdbe764]" started-at="2024-06-18T18:03:21 IST" name="createLead" data-provider="fetchData" finished-at="2024-06-18T18:03:30 IST" duration-ms="8989" status="PASS">
          <params>
            <param index="0">
              <value>
                <![CDATA[Demosalesmanager]]>
              </value>
            </param>
            <param index="1">
              <value>
                <![CDATA[crmsfa]]>
              </value>
            </param>
            <param index="2">
              <value>
                <![CDATA[TestLeaf]]>
              </value>
            </param>
            <param index="3">
              <value>
                <![CDATA[Hari]]>
              </value>
            </param>
            <param index="4">
              <value>
                <![CDATA[h]]>
              </value>
            </param>
          </params>
          <reporter-output>
          </reporter-output>
        </test-method> <!-- createLead -->
        <test-method is-config="true" signature="postcondition()[pri:0, instance:testcase.CreateLead@6fdbe764]" started-at="2024-06-18T18:03:30 IST" name="postcondition" finished-at="2024-06-18T18:03:30 IST" duration-ms="558" status="PASS">
          <reporter-output>
          </reporter-output>
        </test-method> <!-- postcondition -->
        <test-method is-config="true" signature="precondition()[pri:0, instance:testcase.CreateLead@6fdbe764]" started-at="2024-06-18T18:03:30 IST" name="precondition" finished-at="2024-06-18T18:03:36 IST" duration-ms="6050" status="PASS">
          <reporter-output>
          </reporter-output>
        </test-method> <!-- precondition -->
        <test-method signature="createLead(java.lang.String,java.lang.String,java.lang.String,java.lang.String,java.lang.String)[pri:0, instance:testcase.CreateLead@6fdbe764]" started-at="2024-06-18T18:03:36 IST" name="createLead" data-provider="fetchData" finished-at="2024-06-18T18:03:45 IST" duration-ms="8400" status="PASS">
          <params>
            <param index="0">
              <value>
                <![CDATA[DemoCSR]]>
              </value>
            </param>
            <param index="1">
              <value>
                <![CDATA[crmsfa]]>
              </value>
            </param>
            <param index="2">
              <value>
                <![CDATA[Qleaf]]>
              </value>
            </param>
            <param index="3">
              <value>
                <![CDATA[varun]]>
              </value>
            </param>
            <param index="4">
              <value>
                <![CDATA[v]]>
              </value>
            </param>
          </params>
          <reporter-output>
          </reporter-output>
        </test-method> <!-- createLead -->
        <test-method is-config="true" signature="postcondition()[pri:0, instance:testcase.CreateLead@6fdbe764]" started-at="2024-06-18T18:03:45 IST" name="postcondition" finished-at="2024-06-18T18:03:45 IST" duration-ms="294" status="PASS">
          <reporter-output>
          </reporter-output>
        </test-method> <!-- postcondition -->
      </class> <!-- testcase.CreateLead -->
      <class name="testcase.RunLogin">
        <test-method signature="runLogin(java.lang.String,java.lang.String)[pri:0, instance:testcase.RunLogin@5824a83d]" started-at="2024-06-18T18:03:09 IST" name="runLogin" data-provider="fetchData" finished-at="2024-06-18T18:03:09 IST" duration-ms="0" status="SKIP">
          <exception class="java.lang.RuntimeException">
            <message>
              <![CDATA[org.apache.poi.openxml4j.exceptions.InvalidOperationException: Can't open the specified file input stream from file: '.\data\null.xlsx']]>
            </message>
            <full-stacktrace>
              <![CDATA[java.lang.RuntimeException: org.apache.poi.openxml4j.exceptions.InvalidOperationException: Can't open the specified file input stream from file: '.\data\null.xlsx'
at org.testng.internal.MethodInvocationHelper.invokeMethodNoCheckedException(MethodInvocationHelper.java:50)
at org.testng.internal.MethodInvocationHelper.invokeDataProvider(MethodInvocationHelper.java:146)
at org.testng.internal.Parameters.handleParameters(Parameters.java:798)
at org.testng.internal.Parameters.handleParameters(Parameters.java:740)
at org.testng.internal.ParameterHandler.handleParameters(ParameterHandler.java:59)
at org.testng.internal.ParameterHandler.createParameters(ParameterHandler.java:38)
at org.testng.internal.TestInvoker$MethodInvocationAgent.invoke(TestInvoker.java:791)
at org.testng.internal.TestInvoker.invokeTestMethods(TestInvoker.java:146)
at org.testng.internal.TestMethodWorker.invokeTestMethods(TestMethodWorker.java:146)
at org.testng.internal.TestMethodWorker.run(TestMethodWorker.java:128)
at java.base/java.util.concurrent.ThreadPoolExecutor.runWorker(ThreadPoolExecutor.java:1130)
at java.base/java.util.concurrent.ThreadPoolExecutor$Worker.run(ThreadPoolExecutor.java:630)
at java.base/java.lang.Thread.run(Thread.java:831)
Caused by: org.apache.poi.openxml4j.exceptions.InvalidOperationException: Can't open the specified file input stream from file: '.\data\null.xlsx'
at org.apache.poi.openxml4j.opc.ZipPackage.openZipEntrySourceStream(ZipPackage.java:188)
at org.apache.poi.openxml4j.opc.ZipPackage.<init>(ZipPackage.java:175)
at org.apache.poi.openxml4j.opc.ZipPackage.<init>(ZipPackage.java:149)
at org.apache.poi.openxml4j.opc.OPCPackage.open(OPCPackage.java:247)
at org.apache.poi.openxml4j.opc.OPCPackage.open(OPCPackage.java:178)
at org.apache.poi.ooxml.POIXMLDocument.openPackage(POIXMLDocument.java:88)
at org.apache.poi.xssf.usermodel.XSSFWorkbook.<init>(XSSFWorkbook.java:333)
at utils.ReadExcel.readData(ReadExcel.java:11)
at base.BaseClass.sendData(BaseClass.java:28)
at java.base/jdk.internal.reflect.NativeMethodAccessorImpl.invoke0(Native Method)
at java.base/jdk.internal.reflect.NativeMethodAccessorImpl.invoke(NativeMethodAccessorImpl.java:78)
at java.base/jdk.internal.reflect.DelegatingMethodAccessorImpl.invoke(DelegatingMethodAccessorImpl.java:43)
at java.base/java.lang.reflect.Method.invoke(Method.java:567)
at org.testng.internal.MethodInvocationHelper.invokeMethod(MethodInvocationHelper.java:133)
at org.testng.internal.MethodInvocationHelper.invokeMethod(MethodInvocationHelper.java:77)
at org.testng.internal.MethodInvocationHelper.invokeMethodNoCheckedException(MethodInvocationHelper.java:46)
... 12 more
Caused by: java.io.FileNotFoundException: .\data\null.xlsx (The system cannot find the file specified)
at java.base/java.io.FileInputStream.open0(Native Method)
at java.base/java.io.FileInputStream.open(FileInputStream.java:211)
at java.base/java.io.FileInputStream.<init>(FileInputStream.java:153)
at org.apache.poi.openxml4j.opc.ZipPackage.openZipEntrySourceStream(ZipPackage.java:185)
... 27 more
]]>
            </full-stacktrace>
          </exception> <!-- java.lang.RuntimeException -->
          <reporter-output>
          </reporter-output>
        </test-method> <!-- runLogin -->
      </class> <!-- testcase.RunLogin -->
    </test> <!-- Test -->
  </suite> <!-- Suite -->
</testng-results>
